<?xml version="1.0" encoding="UTF-8"?>
<testsuite name="NumberServiceTest" tests="4" skipped="0" failures="0" errors="0" timestamp="2019-09-08T04:36:30" hostname="Ashiks-MacBook-Pro.local" time="0.016">
  <properties/>
  <testcase name="squares ending with 25 are not included" classname="NumberServiceTest" time="0.01"/>
  <testcase name="testTotalNumbers()" classname="NumberServiceTest" time="0.001"/>
  <testcase name="testExpectedNumbers()" classname="NumberServiceTest" time="0.001"/>
  <testcase name="30 was not included." classname="NumberServiceTest" time="0.001"/>
  <system-out><![CDATA[]]></system-out>
  <system-err><![CDATA[]]></system-err>
</testsuite>
