<?xml version="1.0" encoding="UTF-8"?>
<testsuite name="JUnit Vintage" tests="2" skipped="0" failures="0" errors="0" timestamp="2019-09-08T04:36:30" hostname="Ashiks-MacBook-Pro.local" time="0.024">
  <properties/>
  <testcase name="classMethod" classname="JUnit Vintage" time="0.002"/>
  <testcase name="classMethod" classname="JUnit Vintage" time="0.0"/>
  <system-out><![CDATA[]]></system-out>
  <system-err><![CDATA[]]></system-err>
</testsuite>
